
-------
27/09/2017 02:09:52
-------

DROP DATABASE IF EXISTS DSMUSIC 
CREATE DATABASE IF NOT EXISTS DSMUSIC 
CREATE TABLE USER_CRED (USERNAME VARCHAR(20) NOT NULL, PASSWORD VARCHAR, SALT VARCHAR, PRIMARY KEY (USERNAME)) 

-------
27/12/2017 02:12:07
-------

DROP DATABASE IF EXISTS DSMUSIC 
CREATE DATABASE IF NOT EXISTS DSMUSIC 
USE DSMUSIC 
CREATE TABLE USER_CRED (USERNAME VARCHAR(20) NOT NULL, PASSWORD VARCHAR, SALT VARCHAR, PRIMARY KEY (USERNAME)) 

-------
27/27/2017 02:27:43
-------

DROP DATABASE IF EXISTS DSMUSIC 
CREATE DATABASE IF NOT EXISTS DSMUSIC 
USE DSMUSIC 
CREATE TABLE USER_CRED (USERNAME VARCHAR(20) NOT NULL, PASSWORD VARCHAR, SALTT VARCHAR, PRIMARY KEY (USERNAME)) 

-------
27/28/2017 02:28:50
-------

DROP DATABASE IF EXISTS DSMUSIC 
CREATE DATABASE IF NOT EXISTS DSMUSIC 
USE DSMUSIC 
CREATE TABLE USER_CRED (USERNAME VARCHAR(20) NOT NULL, PASSWORD VARCHAR, SALTT VARCHAR, PRIMARY KEY (USERNAME)) 

-------
27/43/2017 10:43:43
-------

DROP DATABASE IF EXISTS DSMUSIC 
CREATE DATABASE IF NOT EXISTS DSMUSIC 
USE DSMUSIC 
CREATE TABLE USER_CRED (USERNAME VARCHAR(20) NOT NULL, PASSWORD VARCHAR, SALT VARCHAR, PRIMARY KEY (USERNAME)) 

-------
27/10/2017 11:10:11
-------

DROP DATABASE IF EXISTS DSMUSIC 
CREATE DATABASE IF NOT EXISTS DSMUSIC 
USE DSMUSIC 
CREATE TABLE USER_CRED (USERNAME VARCHAR(20) NOT NULL, PASSWORD VARCHAR(300), SALT VARCHAR(300), PRIMARY KEY (USERNAME)) 
CREATE TABLE DSMUSIC_USER (USERNAME VARCHAR(20) NOT NULL, EMAIL VARCHAR, F_NAME VARCHAR, L_NAME VARCHAR, PHN BIGINT(12), PRIMARY KEY (USERNAME)) 

-------
27/20/2017 11:20:39
-------

DROP DATABASE IF EXISTS DSMUSIC 
CREATE DATABASE IF NOT EXISTS DSMUSIC 
USE DSMUSIC 
CREATE TABLE USER_CRED (USERNAME VARCHAR(20) NOT NULL, PASSWORD VARCHAR(300) NOT NULL, SALT VARCHAR(300) NOT NULL, PRIMARY KEY (USERNAME)) 
CREATE TABLE DSMUSIC_USER (USERNAME VARCHAR(20) NOT NULL, EMAIL VARCHAR(40), F_NAME VARCHAR(30) NOT NULL, L_NAME VARCHAR(30), PHN BIGINT(12), PRIMARY KEY (USERNAME)) 
CREATE TABLE AUDIO (AUDIO_ID VARCHAR(40) NOT NULL, NAME VARCHAR(50) NOT NULL, ALBUM VARCHAR(30), USERNAME VARCHAR(20), ARTIST VARCHAR(30), DATE_CREATED DATE, DEL_FLAG CHAR(1) DEFAULT 'N', DURATION TIME, GENRES VARCHAR(30), REL_FILE_PATH VARCHAR(50), YEAR INTEGER, PRIMARY KEY (AUDIO_ID)) 
CREATE TABLE TRACK (USERNAME VARCHAR(20) NOT NULL, AUDIO_COUNT INTEGER DEFAULT 0, PLAYLIST_COUNT INTEGER DEFAULT 0, PRIMARY KEY (USERNAME)) 
CREATE TABLE PLAYLIST (PLAYLIST_ID VARCHAR(40) NOT NULL, AUDIO_ID VARCHAR(40), DEL_FLAG CHAR(1) DEFAULT 'N', PLAYLIST_NAME VARCHAR(40), USERNAME VARCHAR(20), PRIMARY KEY (PLAYLIST_ID)) 
ALTER TABLE USER_CRED ADD CONSTRAINT FK_USER_CRED FOREIGN KEY (USERNAME) REFERENCES DSMUSIC_USER(USERNAME) ON DELETE CASCADE ON UPDATE CASCADE 
ALTER TABLE AUDIO ADD CONSTRAINT FK_AUDIO FOREIGN KEY (USERNAME) REFERENCES DSMUSIC_USER(USERNAME) ON DELETE CASCADE ON UPDATE CASCADE 
ALTER TABLE TRACK ADD CONSTRAINT FK_TRACK FOREIGN KEY (USERNAME) REFERENCES DSMUSIC_USER(USERNAME) ON DELETE CASCADE ON UPDATE CASCADE 
ALTER TABLE PLAYLIST ADD CONSTRAINT FK_PLAYLIST FOREIGN KEY (USERNAME) REFERENCES DSMUSIC_USER(USERNAME) ON DELETE CASCADE ON UPDATE CASCADE 


-------
27/21/2017 11:21:12
-------

DROP DATABASE IF EXISTS DSMUSIC 
CREATE DATABASE IF NOT EXISTS DSMUSIC 
USE DSMUSIC 
CREATE TABLE USER_CRED (USERNAME VARCHAR(20) NOT NULL, PASSWORD VARCHAR(300) NOT NULL, SALT VARCHAR(300) NOT NULL, PRIMARY KEY (USERNAME)) 
CREATE TABLE DSMUSIC_USER (USERNAME VARCHAR(20) NOT NULL, EMAIL VARCHAR(40), F_NAME VARCHAR(30) NOT NULL, L_NAME VARCHAR(30), PHN BIGINT(12), PRIMARY KEY (USERNAME)) 
CREATE TABLE AUDIO (AUDIO_ID VARCHAR(40) NOT NULL, NAME VARCHAR(50) NOT NULL, ALBUM VARCHAR(30), USERNAME VARCHAR(20), ARTIST VARCHAR(30), DATE_CREATED DATE, DEL_FLAG CHAR(1) DEFAULT 'N', DURATION TIME, GENRES VARCHAR(30), REL_FILE_PATH VARCHAR(50), YEAR INTEGER, PRIMARY KEY (AUDIO_ID)) 
CREATE TABLE TRACK (USERNAME VARCHAR(20) NOT NULL, AUDIO_COUNT INTEGER DEFAULT 0, PLAYLIST_COUNT INTEGER DEFAULT 0, PRIMARY KEY (USERNAME)) 
CREATE TABLE PLAYLIST (PLAYLIST_ID VARCHAR(40) NOT NULL, AUDIO_ID VARCHAR(40), DEL_FLAG CHAR(1) DEFAULT 'N', PLAYLIST_NAME VARCHAR(40), USERNAME VARCHAR(20), PRIMARY KEY (PLAYLIST_ID)) 
ALTER TABLE USER_CRED ADD CONSTRAINT FK_USER_CRED FOREIGN KEY (USERNAME) REFERENCES DSMUSIC_USER(USERNAME) ON DELETE CASCADE ON UPDATE CASCADE 
ALTER TABLE AUDIO ADD CONSTRAINT FK_AUDIO FOREIGN KEY (USERNAME) REFERENCES DSMUSIC_USER(USERNAME) ON DELETE CASCADE ON UPDATE CASCADE 
ALTER TABLE TRACK ADD CONSTRAINT FK_TRACK FOREIGN KEY (USERNAME) REFERENCES DSMUSIC_USER(USERNAME) ON DELETE CASCADE ON UPDATE CASCADE 
ALTER TABLE PLAYLIST ADD CONSTRAINT FK_PLAYLIST FOREIGN KEY (USERNAME) REFERENCES DSMUSIC_USER(USERNAME) ON DELETE CASCADE ON UPDATE CASCADE 

-------
27/48/2017 11:48:37
-------

DROP DATABASE IF EXISTS DSMUSIC 
CREATE DATABASE IF NOT EXISTS DSMUSIC 
USE DSMUSIC 
CREATE TABLE USER_CRED (USERNAME VARCHAR(20) NOT NULL, PASSWORD VARCHAR(300) NOT NULL, SALT VARCHAR(300) NOT NULL, PRIMARY KEY (USERNAME)) 
CREATE TABLE DSMUSIC_USER (USERNAME VARCHAR(20) NOT NULL, EMAIL VARCHAR(40), F_NAME VARCHAR(30) NOT NULL, L_NAME VARCHAR(30), PHN BIGINT(12), PRIMARY KEY (USERNAME)) 
CREATE TABLE AUDIO (AUDIO_ID VARCHAR(40) NOT NULL, NAME VARCHAR(50) NOT NULL, ALBUM VARCHAR(30), USERNAME VARCHAR(20), ARTIST VARCHAR(30), DATE_CREATED DATE, DEL_FLAG CHAR(1) DEFAULT 'N', DURATION TIME, GENRES VARCHAR(30), REL_FILE_PATH VARCHAR(50), YEAR INTEGER, PRIMARY KEY (AUDIO_ID)) 
CREATE TABLE TRACK (USERNAME VARCHAR(20) NOT NULL, AUDIO_COUNT INTEGER NOT NULL DEFAULT 0, PLAYLIST_COUNT INTEGER NOT NULL DEFAULT 0, PRIMARY KEY (USERNAME)) 
CREATE TABLE PLAYLIST (PLAYLIST_ID VARCHAR(40) NOT NULL, DEL_FLAG CHAR(1) DEFAULT 'N', PLAYLIST_NAME VARCHAR(40) NOT NULL, USERNAME VARCHAR(20) NOT NULL, PRIMARY KEY (PLAYLIST_ID)) 
CREATE TABLE PLAYLIST_AUDIO ( PLAYLIST_ID VARCHAR(40) NOT NULL, AUDIO_ID VARCHAR(40) NOT NULL) 
ALTER TABLE USER_CRED ADD CONSTRAINT FK_USER_CRED FOREIGN KEY (USERNAME) REFERENCES DSMUSIC_USER(USERNAME) ON DELETE CASCADE ON UPDATE CASCADE 
ALTER TABLE AUDIO ADD CONSTRAINT FK_AUDIO FOREIGN KEY (USERNAME) REFERENCES DSMUSIC_USER(USERNAME) ON DELETE CASCADE ON UPDATE CASCADE 
ALTER TABLE TRACK ADD CONSTRAINT FK_TRACK FOREIGN KEY (USERNAME) REFERENCES DSMUSIC_USER(USERNAME) ON DELETE CASCADE ON UPDATE CASCADE 
ALTER TABLE PLAYLIST ADD CONSTRAINT FK_PLAYLIST FOREIGN KEY (USERNAME) REFERENCES DSMUSIC_USER(USERNAME) ON DELETE CASCADE ON UPDATE CASCADE 
ALTER TABLE PLAYLIST_AUDIO ADD CONSTRAINT FK_PLAYLIST_AUDIO_PLAYLIST FOREIGN KEY(PLAYLIST_ID) REFERENCES PLAYLIST(PLAYLIST_ID) ON DELETE CASCADE ON UPDATE CASCADE 
ALTER TABLE PLAYLIST_AUDIO ADD CONSTRAINT FK_PLAYLIST_AUDIO_AUDIO FOREIGN KEY(AUDIO_ID) REFERENCES AUDIO(AUDIO_ID) ON DELETE CASCADE ON UPDATE CASCADE 

-------
27/51/2017 11:51:02
-------

CREATE DATABASE IF NOT EXISTS DSMUSIC 
USE DSMUSIC 
CREATE TABLE USER_CRED (USERNAME VARCHAR(20) NOT NULL, PASSWORD VARCHAR(300) NOT NULL, SALT VARCHAR(300) NOT NULL, PRIMARY KEY (USERNAME)) 

-------
27/53/2017 11:53:18
-------

CREATE DATABASE IF NOT EXISTS DSMUSIC 
USE DSMUSIC 
CREATE TABLE USER_CRED (USERNAME VARCHAR(20) NOT NULL, PASSWORD VARCHAR(300) NOT NULL, SALT VARCHAR(300) NOT NULL, PRIMARY KEY (USERNAME)) IF NOT EXISTS 

-------
27/55/2017 11:55:43
-------

CREATE DATABASE IF NOT EXISTS DSMUSIC 
USE DSMUSIC 
CREATE TABLE IF NOT EXISTS USER_CRED (USERNAME VARCHAR(20) NOT NULL, PASSWORD VARCHAR(300) NOT NULL, SALT VARCHAR(300) NOT NULL, PRIMARY KEY (USERNAME)) 
CREATE TABLE IF NOT EXISTS DSMUSIC_USER (USERNAME VARCHAR(20) NOT NULL, EMAIL VARCHAR(40), F_NAME VARCHAR(30) NOT NULL, L_NAME VARCHAR(30), PHN BIGINT(12), PRIMARY KEY (USERNAME)) 
CREATE TABLE IF NOT EXISTS AUDIO (AUDIO_ID VARCHAR(40) NOT NULL, NAME VARCHAR(50) NOT NULL, ALBUM VARCHAR(30), USERNAME VARCHAR(20), ARTIST VARCHAR(30), DATE_CREATED DATE, DEL_FLAG CHAR(1) DEFAULT 'N', DURATION TIME, GENRES VARCHAR(30), REL_FILE_PATH VARCHAR(50), YEAR INTEGER, PRIMARY KEY (AUDIO_ID)) 
CREATE TABLE IF NOT EXISTS TRACK (USERNAME VARCHAR(20) NOT NULL, AUDIO_COUNT INTEGER NOT NULL DEFAULT 0, PLAYLIST_COUNT INTEGER NOT NULL DEFAULT 0, PRIMARY KEY (USERNAME)) 
CREATE TABLE IF NOT EXISTS PLAYLIST (PLAYLIST_ID VARCHAR(40) NOT NULL, DEL_FLAG CHAR(1) DEFAULT 'N', PLAYLIST_NAME VARCHAR(40) NOT NULL, USERNAME VARCHAR(20) NOT NULL, PRIMARY KEY (PLAYLIST_ID)) 
CREATE TABLE IF NOT EXISTS PLAYLIST_AUDIO ( PLAYLIST_ID VARCHAR(40) NOT NULL, AUDIO_ID VARCHAR(40) NOT NULL) 
ALTER TABLE USER_CRED ADD CONSTRAINT FK_USER_CRED FOREIGN KEY (USERNAME) REFERENCES DSMUSIC_USER(USERNAME) ON DELETE CASCADE ON UPDATE CASCADE 

-------
27/04/2017 12:04:21
-------

DROP DATABASE IF EXISTS DSMUSIC 
CREATE DATABASE IF NOT EXISTS DSMUSIC 
USE DSMUSIC 
CREATE TABLE IF NOT EXISTS USER_CRED (USERNAME VARCHAR(20) NOT NULL, PASSWORD VARCHAR(300) NOT NULL, SALT VARCHAR(300) NOT NULL, PRIMARY KEY (USERNAME)) 
CREATE TABLE IF NOT EXISTS DSMUSIC_USER (USERNAME VARCHAR(20) NOT NULL, EMAIL VARCHAR(40), F_NAME VARCHAR(30) NOT NULL, L_NAME VARCHAR(30), PHN BIGINT(12), PRIMARY KEY (USERNAME)) 
CREATE TABLE IF NOT EXISTS AUDIO (AUDIO_ID VARCHAR(40) NOT NULL, NAME VARCHAR(50) NOT NULL, ALBUM VARCHAR(30), USERNAME VARCHAR(20), ARTIST VARCHAR(30), DATE_CREATED DATE, DEL_FLAG CHAR(1) DEFAULT 'N', DURATION TIME, GENRES VARCHAR(30), REL_FILE_PATH VARCHAR(50), YEAR INTEGER, PRIMARY KEY (AUDIO_ID)) 
CREATE TABLE IF NOT EXISTS TRACK (USERNAME VARCHAR(20) NOT NULL, AUDIO_COUNT INTEGER NOT NULL DEFAULT 0, PLAYLIST_COUNT INTEGER NOT NULL DEFAULT 0, PRIMARY KEY (USERNAME)) 
CREATE TABLE IF NOT EXISTS PLAYLIST (PLAYLIST_ID VARCHAR(40) NOT NULL, DEL_FLAG CHAR(1) DEFAULT 'N', PLAYLIST_NAME VARCHAR(40) NOT NULL, USERNAME VARCHAR(20) NOT NULL, PRIMARY KEY (PLAYLIST_ID)) 
CREATE TABLE IF NOT EXISTS PLAYLIST_AUDIO ( PLAYLIST_ID VARCHAR(40) NOT NULL, AUDIO_ID VARCHAR(40) NOT NULL) 
ALTER TABLE USER_CRED ADD CONSTRAINT FK_USER_CRED FOREIGN KEY (USERNAME) REFERENCES DSMUSIC_USER(USERNAME) ON DELETE CASCADE ON UPDATE CASCADE 
ALTER TABLE AUDIO ADD CONSTRAINT FK_AUDIO FOREIGN KEY (USERNAME) REFERENCES DSMUSIC_USER(USERNAME) ON DELETE CASCADE ON UPDATE CASCADE 
ALTER TABLE TRACK ADD CONSTRAINT FK_TRACK FOREIGN KEY (USERNAME) REFERENCES DSMUSIC_USER(USERNAME) ON DELETE CASCADE ON UPDATE CASCADE 
ALTER TABLE PLAYLIST ADD CONSTRAINT FK_PLAYLIST FOREIGN KEY (USERNAME) REFERENCES DSMUSIC_USER(USERNAME) ON DELETE CASCADE ON UPDATE CASCADE 
ALTER TABLE PLAYLIST_AUDIO ADD CONSTRAINT FK_PLAYLIST_AUDIO_PLAYLIST FOREIGN KEY(PLAYLIST_ID) REFERENCES PLAYLIST(PLAYLIST_ID) ON DELETE CASCADE ON UPDATE CASCADE 
ALTER TABLE PLAYLIST_AUDIO ADD CONSTRAINT FK_PLAYLIST_AUDIO_AUDIO FOREIGN KEY(AUDIO_ID) REFERENCES AUDIO(AUDIO_ID) ON DELETE CASCADE ON UPDATE CASCADE 
