
-------
27/09/2017 02:09:52
-------

Error executing 'CREATE TABLE USER_CRED (USERNAME VARCHAR(20) NOT NULL, PASSWORD VARCHAR, SALT VARCHAR, PRIMARY KEY (USERNAME)) ' (line 7): No database selected

-------
27/12/2017 02:12:07
-------

Error executing 'CREATE TABLE USER_CRED (USERNAME VARCHAR(20) NOT NULL, PASSWORD VARCHAR, SALT VARCHAR, PRIMARY KEY (USERNAME)) ' (line 7): You have an error in your SQL syntax; check the manual that corresponds to your MySQL server version for the right syntax to use near ' SALT VARCHAR, PRIMARY KEY (USERNAME))' at line 1

-------
27/27/2017 02:27:43
-------

Error executing 'CREATE TABLE USER_CRED (USERNAME VARCHAR(20) NOT NULL, PASSWORD VARCHAR, SALTT VARCHAR, PRIMARY KEY (USERNAME)) ' (line 7): You have an error in your SQL syntax; check the manual that corresponds to your MySQL server version for the right syntax to use near ' SALTT VARCHAR, PRIMARY KEY (USERNAME))' at line 1

-------
27/28/2017 02:28:50
-------

Error executing 'CREATE TABLE USER_CRED (USERNAME VARCHAR(20) NOT NULL, PASSWORD VARCHAR, SALTT VARCHAR, PRIMARY KEY (USERNAME)) ' (line 7): You have an error in your SQL syntax; check the manual that corresponds to your MySQL server version for the right syntax to use near ' SALTT VARCHAR, PRIMARY KEY (USERNAME))' at line 1

-------
27/43/2017 10:43:43
-------

Error executing 'CREATE TABLE USER_CRED (USERNAME VARCHAR(20) NOT NULL, PASSWORD VARCHAR, SALT VARCHAR, PRIMARY KEY (USERNAME)) ' (line 7): You have an error in your SQL syntax; check the manual that corresponds to your MySQL server version for the right syntax to use near ' SALT VARCHAR, PRIMARY KEY (USERNAME))' at line 1

-------
27/10/2017 11:10:11
-------

Error executing 'CREATE TABLE DSMUSIC_USER (USERNAME VARCHAR(20) NOT NULL, EMAIL VARCHAR, F_NAME VARCHAR, L_NAME VARCHAR, PHN BIGINT(12), PRIMARY KEY (USERNAME)) ' (line 9): You have an error in your SQL syntax; check the manual that corresponds to your MySQL server version for the right syntax to use near ' F_NAME VARCHAR, L_NAME VARCHAR, PHN BIGINT(12), PRIMARY KEY (USERNAME))' at line 1

-------
27/20/2017 11:20:39
-------

Error executing '' (line 27): Can not issue empty query.

-------
27/21/2017 11:21:12
-------


-------
27/48/2017 11:48:37
-------


-------
27/51/2017 11:51:02
-------

Error executing 'CREATE TABLE USER_CRED (USERNAME VARCHAR(20) NOT NULL, PASSWORD VARCHAR(300) NOT NULL, SALT VARCHAR(300) NOT NULL, PRIMARY KEY (USERNAME)) ' (line 7): Table 'USER_CRED' already exists

-------
27/53/2017 11:53:18
-------

Error executing 'CREATE TABLE USER_CRED (USERNAME VARCHAR(20) NOT NULL, PASSWORD VARCHAR(300) NOT NULL, SALT VARCHAR(300) NOT NULL, PRIMARY KEY (USERNAME)) IF NOT EXISTS ' (line 7): You have an error in your SQL syntax; check the manual that corresponds to your MySQL server version for the right syntax to use near 'IF NOT EXISTS' at line 1

-------
27/55/2017 11:55:43
-------

Error executing 'ALTER TABLE USER_CRED ADD CONSTRAINT FK_USER_CRED FOREIGN KEY (USERNAME) REFERENCES DSMUSIC_USER(USERNAME) ON DELETE CASCADE ON UPDATE CASCADE ' (line 20): Can't write; duplicate key in table '#sql-95b_b'

-------
27/04/2017 12:04:21
-------

